0 verbose cli C:\Program Files\nodejs\node.exe C:\Program Files\nodejs\node_modules\npm\bin\npm-cli.js
1 info using npm@11.8.0
2 info using node@v24.13.1
3 silly config load:file:C:\Program Files\nodejs\node_modules\npm\npmrc
4 silly config load:file:C:\Users\rrizv\perched-app\.npmrc
5 silly config load:file:C:\Users\rrizv\.npmrc
6 silly config load:file:C:\Users\rrizv\AppData\Roaming\npm\etc\npmrc
7 verbose title npm audit
8 verbose argv "audit" "--audit-level" "high" "--cache" ".npm-cache"
9 verbose logfile logs-max:10 dir:C:\Users\rrizv\perched-app\.npm-cache\_logs\2026-02-28T00_16_19_008Z-
10 verbose logfile C:\Users\rrizv\perched-app\.npm-cache\_logs\2026-02-28T00_16_19_008Z-debug-0.log
11 silly logfile done cleaning log files
12 silly packumentCache heap:4496293888 maxSize:1124073472 maxEntrySize:562036736
13 silly audit bulk request {
13 silly audit   '@0no-co/graphql.web': [ '1.2.0' ],
13 silly audit   '@babel/code-frame': [ '7.29.0', '7.10.4' ],
13 silly audit   '@babel/compat-data': [ '7.29.0' ],
13 silly audit   '@babel/core': [ '7.28.5' ],
13 silly audit   '@babel/generator': [ '7.29.1' ],
13 silly audit   '@babel/helper-annotate-as-pure': [ '7.27.3' ],
13 silly audit   '@babel/helper-compilation-targets': [ '7.28.6' ],
13 silly audit   '@babel/helper-create-class-features-plugin': [ '7.28.6' ],
13 silly audit   '@babel/helper-create-regexp-features-plugin': [ '7.28.5' ],
13 silly audit   '@babel/helper-define-polyfill-provider': [ '0.6.6' ],
13 silly audit   '@babel/helper-globals': [ '7.28.0' ],
13 silly audit   '@babel/helper-member-expression-to-functions': [ '7.28.5' ],
13 silly audit   '@babel/helper-module-imports': [ '7.28.6' ],
13 silly audit   '@babel/helper-module-transforms': [ '7.28.3' ],
13 silly audit   '@babel/helper-optimise-call-expression': [ '7.27.1' ],
13 silly audit   '@babel/helper-plugin-utils': [ '7.28.6' ],
13 silly audit   '@babel/helper-remap-async-to-generator': [ '7.27.1' ],
13 silly audit   '@babel/helper-replace-supers': [ '7.28.6' ],
13 silly audit   '@babel/helper-skip-transparent-expression-wrappers': [ '7.27.1' ],
13 silly audit   '@babel/helper-string-parser': [ '7.27.1' ],
13 silly audit   '@babel/helper-validator-identifier': [ '7.28.5' ],
13 silly audit   '@babel/helper-validator-option': [ '7.27.1' ],
13 silly audit   '@babel/helper-wrap-function': [ '7.28.6' ],
13 silly audit   '@babel/helpers': [ '7.28.4' ],
13 silly audit   '@babel/highlight': [ '7.25.9' ],
13 silly audit   'ansi-styles': [ '3.2.1', '6.2.3', '4.3.0', '5.2.0' ],
13 silly audit   chalk: [ '2.4.2', '4.1.2' ],
13 silly audit   'color-convert': [ '1.9.3', '3.1.3', '2.0.1' ],
13 silly audit   'color-name': [ '1.1.3', '2.1.0', '1.1.4' ],
13 silly audit   'escape-string-regexp': [ '1.0.5', '4.0.0', '2.0.0' ],
13 silly audit   'has-flag': [ '3.0.0', '4.0.0' ],
13 silly audit   'supports-color': [ '5.5.0', '8.1.1', '7.2.0' ],
13 silly audit   '@babel/parser': [ '7.29.0' ],
13 silly audit   '@babel/plugin-proposal-decorators': [ '7.29.0' ],
13 silly audit   '@babel/plugin-proposal-export-default-from': [ '7.27.1' ],
13 silly audit   '@babel/plugin-syntax-async-generators': [ '7.8.4' ],
13 silly audit   '@babel/plugin-syntax-bigint': [ '7.8.3' ],
13 silly audit   '@babel/plugin-syntax-class-properties': [ '7.12.13' ],
13 silly audit   '@babel/plugin-syntax-class-static-block': [ '7.14.5' ],
13 silly audit   '@babel/plugin-syntax-decorators': [ '7.28.6' ],
13 silly audit   '@babel/plugin-syntax-dynamic-import': [ '7.8.3' ],
13 silly audit   '@babel/plugin-syntax-export-default-from': [ '7.28.6' ],
13 silly audit   '@babel/plugin-syntax-flow': [ '7.28.6' ],
13 silly audit   '@babel/plugin-syntax-import-attributes': [ '7.27.1' ],
13 silly audit   '@babel/plugin-syntax-import-meta': [ '7.10.4' ],
13 silly audit   '@babel/plugin-syntax-json-strings': [ '7.8.3' ],
13 silly audit   '@babel/plugin-syntax-jsx': [ '7.28.6' ],
13 silly audit   '@babel/plugin-syntax-logical-assignment-operators': [ '7.10.4' ],
13 silly audit   '@babel/plugin-syntax-nullish-coalescing-operator': [ '7.8.3' ],
13 silly audit   '@babel/plugin-syntax-numeric-separator': [ '7.10.4' ],
13 silly audit   '@babel/plugin-syntax-object-rest-spread': [ '7.8.3' ],
13 silly audit   '@babel/plugin-syntax-optional-catch-binding': [ '7.8.3' ],
13 silly audit   '@babel/plugin-syntax-optional-chaining': [ '7.8.3' ],
13 silly audit   '@babel/plugin-syntax-private-property-in-object': [ '7.14.5' ],
13 silly audit   '@babel/plugin-syntax-top-level-await': [ '7.14.5' ],
13 silly audit   '@babel/plugin-syntax-typescript': [ '7.27.1' ],
13 silly audit   '@babel/plugin-transform-arrow-functions': [ '7.27.1' ],
13 silly audit   '@babel/plugin-transform-async-generator-functions': [ '7.29.0' ],
13 silly audit   '@babel/plugin-transform-async-to-generator': [ '7.28.6' ],
13 silly audit   '@babel/plugin-transform-block-scoping': [ '7.28.6' ],
13 silly audit   '@babel/plugin-transform-class-properties': [ '7.27.1' ],
13 silly audit   '@babel/plugin-transform-class-static-block': [ '7.28.6' ],
13 silly audit   '@babel/plugin-transform-classes': [ '7.28.4' ],
13 silly audit   '@babel/plugin-transform-computed-properties': [ '7.28.6' ],
13 silly audit   '@babel/plugin-transform-destructuring': [ '7.28.5' ],
13 silly audit   '@babel/plugin-transform-export-namespace-from': [ '7.27.1' ],
13 silly audit   '@babel/plugin-transform-flow-strip-types': [ '7.27.1' ],
13 silly audit   '@babel/plugin-transform-for-of': [ '7.27.1' ],
13 silly audit   '@babel/plugin-transform-function-name': [ '7.27.1' ],
13 silly audit   '@babel/plugin-transform-literals': [ '7.27.1' ],
13 silly audit   '@babel/plugin-transform-logical-assignment-operators': [ '7.28.6' ],
13 silly audit   '@babel/plugin-transform-modules-commonjs': [ '7.27.1' ],
13 silly audit   '@babel/plugin-transform-named-capturing-groups-regex': [ '7.29.0' ],
13 silly audit   '@babel/plugin-transform-nullish-coalescing-operator': [ '7.27.1' ],
13 silly audit   '@babel/plugin-transform-numeric-separator': [ '7.28.6' ],
13 silly audit   '@babel/plugin-transform-object-rest-spread': [ '7.28.6' ],
13 silly audit   '@babel/plugin-transform-optional-catch-binding': [ '7.28.6' ],
13 silly audit   '@babel/plugin-transform-optional-chaining': [ '7.28.5' ],
13 silly audit   '@babel/plugin-transform-parameters': [ '7.27.7' ],
13 silly audit   '@babel/plugin-transform-private-methods': [ '7.28.6' ],
13 silly audit   '@babel/plugin-transform-private-property-in-object': [ '7.28.6' ],
13 silly audit   '@babel/plugin-transform-react-display-name': [ '7.28.0' ],
13 silly audit   '@babel/plugin-transform-react-jsx': [ '7.28.6' ],
13 silly audit   '@babel/plugin-transform-react-jsx-development': [ '7.27.1' ],
13 silly audit   '@babel/plugin-transform-react-jsx-self': [ '7.27.1' ],
13 silly audit   '@babel/plugin-transform-react-jsx-source': [ '7.27.1' ],
13 silly audit   '@babel/plugin-transform-react-pure-annotations': [ '7.27.1' ],
13 silly audit   '@babel/plugin-transform-regenerator': [ '7.29.0' ],
13 silly audit   '@babel/plugin-transform-runtime': [ '7.29.0' ],
13 silly audit   '@babel/plugin-transform-shorthand-properties': [ '7.27.1' ],
13 silly audit   '@babel/plugin-transform-spread': [ '7.28.6' ],
13 silly audit   '@babel/plugin-transform-sticky-regex': [ '7.27.1' ],
13 silly audit   '@babel/plugin-transform-template-literals': [ '7.27.1' ],
13 silly audit   '@babel/plugin-transform-typescript': [ '7.28.5' ],
13 silly audit   '@babel/plugin-transform-unicode-regex': [ '7.27.1' ],
13 silly audit   '@babel/preset-react': [ '7.28.5' ],
13 silly audit   '@babel/preset-typescript': [ '7.28.5' ],
13 silly audit   '@babel/runtime': [ '7.28.4' ],
13 silly audit   '@babel/template': [ '7.28.6' ],
13 silly audit   '@babel/traverse': [ '7.29.0', '7.28.5' ],
13 silly audit   '@babel/types': [ '7.29.0' ],
13 silly audit   '@bcoe/v8-coverage': [ '0.2.3' ],
13 silly audit   '@colors/colors': [ '1.6.0' ],
13 silly audit   '@dabh/diagnostics': [ '2.0.8' ],
13 silly audit   '@egjs/hammerjs': [ '2.0.17' ],
13 silly audit   '@emnapi/core': [ '1.7.1' ],
13 silly audit   '@emnapi/runtime': [ '1.7.1' ],
13 silly audit   '@emnapi/wasi-threads': [ '1.1.0' ],
13 silly audit   '@eslint-community/eslint-utils': [ '4.9.0' ],
13 silly audit   'eslint-visitor-keys': [ '3.4.3', '4.2.1' ],
13 silly audit   '@eslint-community/regexpp': [ '4.12.2' ],
13 silly audit   '@eslint/config-array': [ '0.21.1' ],
13 silly audit   '@eslint/config-helpers': [ '0.4.2' ],
13 silly audit   '@eslint/core': [ '0.17.0' ],
13 silly audit   '@eslint/eslintrc': [ '3.3.3' ],
13 silly audit   '@eslint/js': [ '9.39.2' ],
13 silly audit   '@eslint/object-schema': [ '2.1.7' ],
13 silly audit   '@eslint/plugin-kit': [ '0.4.1' ],
13 silly audit   '@expo-google-fonts/inter': [ '0.3.0' ],
13 silly audit   '@expo/cli': [ '54.0.23' ],
13 silly audit   'balanced-match': [ '4.0.4', '1.0.2' ],
13 silly audit   'brace-expansion': [ '5.0.3', '2.0.2', '1.1.12' ],
13 silly audit   'ci-info': [ '3.9.0', '2.0.0' ],
13 silly audit   minimatch: [ '9.0.6', '9.0.5', '9.0.8', '10.1.1', '3.1.2' ],
13 silly audit   picomatch: [ '3.0.1', '2.3.1', '4.0.3' ],
13 silly audit   semver: [ '7.7.4', '7.7.3', '7.6.3', '7.7.2', '6.3.1' ],
13 silly audit   ws: [ '8.19.0', '6.2.3', '7.5.10' ],
13 silly audit   '@expo/code-signing-certificates': [ '0.0.6' ],
13 silly audit   '@expo/config': [ '12.0.13' ],
13 silly audit   '@expo/config-plugins': [ '54.0.4' ],
13 silly audit   '@expo/config-types': [ '54.0.10' ],
13 silly audit   '@expo/devcert': [ '1.2.1' ],
13 silly audit   debug: [ '3.2.7', '2.6.9', '4.4.3' ],
13 silly audit   '@expo/devtools': [ '0.1.8' ],
13 silly audit   '@expo/env': [ '2.0.8' ],
13 silly audit   '@expo/fingerprint': [ '0.15.4' ],
13 silly audit   '@expo/image-utils': [ '0.8.8' ],
13 silly audit   '@expo/json-file': [ '10.0.8' ],
13 silly audit   '@expo/metro': [ '54.2.0' ],
13 silly audit   '@expo/metro-config': [ '54.0.14' ],
13 silly audit   '@expo/metro-runtime': [ '6.1.2' ],
13 silly audit   '@expo/osascript': [ '2.3.8' ],
13 silly audit   '@expo/package-manager': [ '1.9.10' ],
13 silly audit   '@expo/plist': [ '0.4.8' ],
13 silly audit   '@expo/prebuild-config': [ '54.0.8' ],
13 silly audit   '@expo/schema-utils': [ '0.1.8' ],
13 silly audit   '@expo/sdk-runtime-versions': [ '1.0.0' ],
13 silly audit   '@expo/spawn-async': [ '1.7.2' ],
13 silly audit   '@expo/sudo-prompt': [ '9.3.2' ],
13 silly audit   '@expo/vector-icons': [ '15.0.3' ],
13 silly audit   '@expo/ws-tunnel': [ '1.0.6' ],
13 silly audit   '@expo/xcpretty': [ '4.4.1' ],
13 silly audit   '@fastify/busboy': [ '3.2.0' ],
13 silly audit   '@firebase/ai': [ '2.6.1' ],
13 silly audit   '@firebase/analytics': [ '0.10.19' ],
13 silly audit   '@firebase/analytics-compat': [ '0.2.25' ],
13 silly audit   '@firebase/analytics-types': [ '0.8.3' ],
13 silly audit   '@firebase/app': [ '0.14.6' ],
13 silly audit   '@firebase/app-check': [ '0.11.0' ],
13 silly audit   '@firebase/app-check-compat': [ '0.4.0' ],
13 silly audit   '@firebase/app-check-interop-types': [ '0.3.3' ],
13 silly audit   '@firebase/app-check-types': [ '0.5.3' ],
13 silly audit   '@firebase/app-compat': [ '0.5.6' ],
13 silly audit   '@firebase/app-types': [ '0.9.3' ],
13 silly audit   '@firebase/auth': [ '1.12.0' ],
13 silly audit   '@firebase/auth-compat': [ '0.6.2' ],
13 silly audit   '@firebase/auth-interop-types': [ '0.2.4' ],
13 silly audit   '@firebase/auth-types': [ '0.13.0' ],
13 silly audit   '@firebase/component': [ '0.7.0' ],
13 silly audit   '@firebase/data-connect': [ '0.3.12' ],
13 silly audit   '@firebase/database': [ '1.1.0' ],
13 silly audit   '@firebase/database-compat': [ '2.1.0' ],
13 silly audit   '@firebase/database-types': [ '1.0.16' ],
13 silly audit   '@firebase/firestore': [ '4.9.3' ],
13 silly audit   '@firebase/firestore-compat': [ '0.4.3' ],
13 silly audit   '@firebase/firestore-types': [ '3.0.3' ],
13 silly audit   '@firebase/functions': [ '0.13.1' ],
13 silly audit   '@firebase/functions-compat': [ '0.4.1' ],
13 silly audit   '@firebase/functions-types': [ '0.6.3' ],
13 silly audit   '@firebase/installations': [ '0.6.19' ],
13 silly audit   '@firebase/installations-compat': [ '0.2.19' ],
13 silly audit   '@firebase/installations-types': [ '0.5.3' ],
13 silly audit   '@firebase/logger': [ '0.5.0' ],
13 silly audit   '@firebase/messaging': [ '0.12.23' ],
13 silly audit   '@firebase/messaging-compat': [ '0.2.23' ],
13 silly audit   '@firebase/messaging-interop-types': [ '0.2.3' ],
13 silly audit   '@firebase/performance': [ '0.7.9' ],
13 silly audit   '@firebase/performance-compat': [ '0.2.22' ],
13 silly audit   '@firebase/performance-types': [ '0.2.3' ],
13 silly audit   '@firebase/remote-config': [ '0.7.0' ],
13 silly audit   '@firebase/remote-config-compat': [ '0.2.20' ],
13 silly audit   '@firebase/remote-config-types': [ '0.5.0' ],
13 silly audit   '@firebase/storage': [ '0.14.0' ],
13 silly audit   '@firebase/storage-compat': [ '0.4.0' ],
13 silly audit   '@firebase/storage-types': [ '0.8.3' ],
13 silly audit   '@firebase/util': [ '1.13.0' ],
13 silly audit   '@firebase/webchannel-wrapper': [ '1.0.5' ],
13 silly audit   '@google-cloud/firestore': [ '7.11.6' ],
13 silly audit   '@google-cloud/paginator': [ '5.0.2' ],
13 silly audit   '@google-cloud/projectify': [ '4.0.0' ],
13 silly audit   '@google-cloud/promisify': [ '4.0.0' ],
13 silly audit   '@google-cloud/secret-manager': [ '6.1.1' ],
13 silly audit   '@grpc/grpc-js': [ '1.14.3', '1.9.15' ],
13 silly audit   '@grpc/proto-loader': [ '0.8.0', '0.7.15' ],
13 silly audit   'agent-base': [ '6.0.2', '7.1.4' ],
13 silly audit   gaxios: [ '7.1.3', '6.7.1' ],
13 silly audit   'gcp-metadata': [ '8.1.2', '6.1.1' ],
13 silly audit   glob: [ '10.5.0', '7.2.3', '13.0.0' ],
13 silly audit   'google-auth-library': [ '10.6.1', '9.15.1' ],
13 silly audit   'google-gax': [ '5.0.6', '4.6.1' ],
13 silly audit   'google-logging-utils': [ '1.1.3', '0.0.2' ],
13 silly audit   'lru-cache': [ '10.4.3', '5.1.1', '6.0.0', '11.2.4' ],
13 silly audit   'node-fetch': [ '3.3.2', '2.7.0' ],
13 silly audit   'path-scurry': [ '1.11.1', '2.0.1' ],
13 silly audit   'proto3-json-serializer': [ '3.0.4', '2.0.2' ],
13 silly audit   'retry-request': [ '8.0.2', '7.0.2' ],
13 silly audit   rimraf: [ '5.0.10', '3.0.2' ],
13 silly audit   'teeny-request': [ '10.1.0', '9.0.0' ],
13 silly audit   'https-proxy-agent': [ '5.0.1', '7.0.6' ],
13 silly audit   '@google-cloud/storage': [ '7.19.0' ],
13 silly audit   mime: [ '3.0.0', '1.6.0' ],
13 silly audit   uuid: [ '8.3.2', '11.1.0', '9.0.1', '7.0.3' ],
13 silly audit   '@googlemaps/js-api-loader': [ '1.16.8' ],
13 silly audit   '@googlemaps/markerclusterer': [ '2.5.3' ],
13 silly audit   '@hapi/address': [ '5.1.1' ],
13 silly audit   '@hapi/formula': [ '3.0.2' ],
13 silly audit   '@hapi/hoek': [ '11.0.7' ],
13 silly audit   '@hapi/pinpoint': [ '2.0.1' ],
13 silly audit   '@hapi/tlds': [ '1.1.6' ],
13 silly audit   '@hapi/topo': [ '6.0.2' ],
13 silly audit   '@humanfs/core': [ '0.19.1' ],
13 silly audit   '@humanfs/node': [ '0.16.7' ],
13 silly audit   '@humanwhocodes/module-importer': [ '1.0.1' ],
13 silly audit   '@humanwhocodes/retry': [ '0.4.3' ],
13 silly audit   '@ide/backoff': [ '1.0.0' ],
13 silly audit   '@isaacs/balanced-match': [ '4.0.1' ],
13 silly audit   '@isaacs/brace-expansion': [ '5.0.1' ],
13 silly audit   '@isaacs/cliui': [ '8.0.2' ],
13 silly audit   'ansi-regex': [ '6.2.2', '5.0.1', '4.1.1' ],
13 silly audit   'emoji-regex': [ '9.2.2', '8.0.0' ],
13 silly audit   'string-width': [ '5.1.2', '4.2.3' ],
13 silly audit   'strip-ansi': [ '7.1.2', '5.2.0', '6.0.1' ],
13 silly audit   'wrap-ansi': [ '8.1.0', '7.0.0' ],
13 silly audit   '@isaacs/fs-minipass': [ '4.0.1' ],
13 silly audit   '@isaacs/ttlcache': [ '1.4.1' ],
13 silly audit   '@istanbuljs/load-nyc-config': [ '1.1.0' ],
13 silly audit   argparse: [ '1.0.10', '2.0.1' ],
13 silly audit   camelcase: [ '5.3.1', '6.3.0' ],
13 silly audit   'find-up': [ '4.1.0', '5.0.0' ],
13 silly audit   'js-yaml': [ '3.14.2', '4.1.1' ],
13 silly audit   'locate-path': [ '5.0.0', '6.0.0' ],
13 silly audit   'p-limit': [ '2.3.0', '3.1.0' ],
13 silly audit   'p-locate': [ '4.1.0', '5.0.0' ],
13 silly audit   '@istanbuljs/schema': [ '0.1.3' ],
13 silly audit   '@jest/console': [ '29.7.0' ],
13 silly audit   '@jest/core': [ '29.7.0' ],
13 silly audit   '@jest/create-cache-key-function': [ '29.7.0' ],
13 silly audit   '@jest/environment': [ '29.7.0' ],
13 silly audit   '@jest/expect': [ '29.7.0' ],
13 silly audit   '@jest/expect-utils': [ '29.7.0' ],
13 silly audit   '@jest/fake-timers': [ '29.7.0' ],
13 silly audit   '@jest/globals': [ '29.7.0' ],
13 silly audit   '@jest/reporters': [ '29.7.0' ],
13 silly audit   'istanbul-lib-instrument': [ '6.0.3', '5.2.1' ],
13 silly audit   '@jest/schemas': [ '29.6.3' ],
13 silly audit   '@jest/source-map': [ '29.6.3' ],
13 silly audit   '@jest/test-result': [ '29.7.0' ],
13 silly audit   '@jest/test-sequencer': [ '29.7.0' ],
13 silly audit   '@jest/transform': [ '29.7.0' ],
13 silly audit   '@jest/types': [ '29.6.3' ],
13 silly audit   '@jridgewell/gen-mapping': [ '0.3.13' ],
13 silly audit   '@jridgewell/remapping': [ '2.3.5' ],
13 silly audit   '@jridgewell/resolve-uri': [ '3.1.2' ],
13 silly audit   '@jridgewell/source-map': [ '0.3.11' ],
13 silly audit   '@jridgewell/sourcemap-codec': [ '1.5.5' ],
13 silly audit   '@jridgewell/trace-mapping': [ '0.3.31' ],
13 silly audit   '@js-sdsl/ordered-map': [ '4.4.2' ],
13 silly audit   '@napi-rs/wasm-runtime': [ '0.2.12' ],
13 silly audit   '@nolyfill/is-core-module': [ '1.0.39' ],
13 silly audit   '@opentelemetry/api': [ '1.9.0' ],
13 silly audit   '@pkgjs/parseargs': [ '0.11.0' ],
13 silly audit   '@protobufjs/aspromise': [ '1.1.2' ],
13 silly audit   '@protobufjs/base64': [ '1.1.2' ],
13 silly audit   '@protobufjs/codegen': [ '2.0.4' ],
13 silly audit   '@protobufjs/eventemitter': [ '1.1.0' ],
13 silly audit   '@protobufjs/fetch': [ '1.1.0' ],
13 silly audit   '@protobufjs/float': [ '1.0.2' ],
13 silly audit   '@protobufjs/inquire': [ '1.1.0' ],
13 silly audit   '@protobufjs/path': [ '1.1.2' ],
13 silly audit   '@protobufjs/pool': [ '1.1.0' ],
13 silly audit   '@protobufjs/utf8': [ '1.1.0' ],
13 silly audit   '@radix-ui/primitive': [ '1.1.3' ],
13 silly audit   '@radix-ui/react-compose-refs': [ '1.1.2' ],
13 silly audit   '@radix-ui/react-context': [ '1.1.2' ],
13 silly audit   '@radix-ui/react-direction': [ '1.1.1' ],
13 silly audit   '@radix-ui/react-focus-guards': [ '1.1.3' ],
13 silly audit   '@radix-ui/react-id': [ '1.1.1' ],
13 silly audit   '@radix-ui/react-slot': [ '1.2.0', '1.2.3' ],
13 silly audit   '@radix-ui/react-use-callback-ref': [ '1.1.1' ],
13 silly audit   '@radix-ui/react-use-controllable-state': [ '1.2.2' ],
13 silly audit   '@radix-ui/react-use-effect-event': [ '0.0.2' ],
13 silly audit   '@radix-ui/react-use-escape-keydown': [ '1.1.1' ],
13 silly audit   '@radix-ui/react-use-layout-effect': [ '1.1.1' ],
13 silly audit   '@react-google-maps/api': [ '2.20.8' ],
13 silly audit   '@react-google-maps/infobox': [ '2.20.0' ],
13 silly audit   '@react-google-maps/marker-clusterer': [ '2.20.0' ],
13 silly audit   '@react-native-async-storage/async-storage': [ '2.2.0' ],
13 silly audit   '@react-native-community/netinfo': [ '11.5.2' ],
13 silly audit   '@react-native/assets-registry': [ '0.81.5' ],
13 silly audit   '@react-native/babel-plugin-codegen': [ '0.81.5' ],
13 silly audit   '@react-native/babel-preset': [ '0.81.5' ],
13 silly audit   '@react-native/codegen': [ '0.81.5' ],
13 silly audit   '@react-native/community-cli-plugin': [ '0.81.5' ],
13 silly audit   '@react-native/debugger-frontend': [ '0.81.5' ],
13 silly audit   '@react-native/dev-middleware': [ '0.81.5' ],
13 silly audit   '@react-native/gradle-plugin': [ '0.81.5' ],
13 silly audit   '@react-native/js-polyfills': [ '0.81.5' ],
13 silly audit   '@react-native/normalize-colors': [ '0.81.5', '0.74.89' ],
13 silly audit   '@react-navigation/bottom-tabs': [ '7.9.0' ],
13 silly audit   '@react-navigation/core': [ '7.13.7' ],
13 silly audit   '@react-navigation/elements': [ '2.9.3' ],
13 silly audit   '@react-navigation/native': [ '7.1.26' ],
13 silly audit   '@react-navigation/native-stack': [ '7.9.0' ],
13 silly audit   '@react-navigation/routers': [ '7.5.3' ],
13 silly audit   '@rtsao/scc': [ '1.1.0' ],
13 silly audit   '@sentry-internal/browser-utils': [ '10.37.0' ],
13 silly audit   '@sentry-internal/feedback': [ '10.37.0' ],
13 silly audit   '@sentry-internal/replay': [ '10.37.0' ],
13 silly audit   '@sentry-internal/replay-canvas': [ '10.37.0' ],
13 silly audit   '@sentry/babel-plugin-component-annotate': [ '4.8.0' ],
13 silly audit   '@sentry/browser': [ '10.37.0' ],
13 silly audit   '@sentry/cli': [ '2.58.4' ],
13 silly audit   '@sentry/cli-darwin': [ '2.58.4' ],
13 silly audit   '@sentry/cli-linux-arm': [ '2.58.4' ],
13 silly audit   '@sentry/cli-linux-arm64': [ '2.58.4' ],
13 silly audit   '@sentry/cli-linux-i686': [ '2.58.4' ],
13 silly audit   '@sentry/cli-linux-x64': [ '2.58.4' ],
13 silly audit   '@sentry/cli-win32-arm64': [ '2.58.4' ],
13 silly audit   '@sentry/cli-win32-i686': [ '2.58.4' ],
13 silly audit   '@sentry/cli-win32-x64': [ '2.58.4' ],
13 silly audit   '@sentry/core': [ '10.37.0' ],
13 silly audit   '@sentry/react': [ '10.37.0' ],
13 silly audit   '@sentry/react-native': [ '7.11.0' ],
13 silly audit   '@sentry/types': [ '10.37.0' ],
13 silly audit   '@sinclair/typebox': [ '0.27.8' ],
13 silly audit   '@sinonjs/commons': [ '3.0.1' ],
13 silly audit   '@sinonjs/fake-timers': [ '10.3.0' ],
13 silly audit   '@so-ric/colorspace': [ '1.1.6' ],
13 silly audit   color: [ '5.0.3', '4.2.3' ],
13 silly audit   'color-string': [ '2.1.4', '1.9.1' ],
13 silly audit   '@standard-schema/spec': [ '1.1.0' ],
13 silly audit   '@testing-library/react-native': [ '12.9.0' ],
13 silly audit   '@tootallnate/once': [ '2.0.0' ],
13 silly audit   '@tybys/wasm-util': [ '0.10.1' ],
13 silly audit   '@types/babel__core': [ '7.20.5' ],
13 silly audit   '@types/babel__generator': [ '7.27.0' ],
13 silly audit   '@types/babel__template': [ '7.4.4' ],
13 silly audit   '@types/babel__traverse': [ '7.28.0' ],
13 silly audit   '@types/body-parser': [ '1.19.6' ],
13 silly audit   '@types/caseless': [ '0.12.5' ],
13 silly audit   '@types/connect': [ '3.4.38' ],
13 silly audit   '@types/cors': [ '2.8.19' ],
13 silly audit   '@types/d3-array': [ '3.2.2' ],
13 silly audit   '@types/d3-color': [ '3.1.3' ],
13 silly audit   '@types/d3-ease': [ '3.0.2' ],
13 silly audit   '@types/d3-interpolate': [ '3.0.4' ],
13 silly audit   '@types/d3-path': [ '3.1.1' ],
13 silly audit   '@types/d3-scale': [ '4.0.9' ],
13 silly audit   '@types/d3-shape': [ '3.1.8' ],
13 silly audit   '@types/d3-time': [ '3.0.4' ],
13 silly audit   '@types/d3-timer': [ '3.0.2' ],
13 silly audit   '@types/estree': [ '1.0.8' ],
13 silly audit   '@types/express': [ '4.17.25' ],
13 silly audit   '@types/express-serve-static-core': [ '4.19.8' ],
13 silly audit   '@types/geojson': [ '7946.0.16' ],
13 silly audit   '@types/google.maps': [ '3.58.1' ],
13 silly audit   '@types/graceful-fs': [ '4.1.9' ],
13 silly audit   '@types/hammerjs': [ '2.0.46' ],
13 silly audit   '@types/http-errors': [ '2.0.5' ],
13 silly audit   '@types/istanbul-lib-coverage': [ '2.0.6' ],
13 silly audit   '@types/istanbul-lib-report': [ '3.0.3' ],
13 silly audit   '@types/istanbul-reports': [ '3.0.4' ],
13 silly audit   '@types/jest': [ '29.5.14' ],
13 silly audit   '@types/joi': [ '17.2.2' ],
13 silly audit   '@types/json-schema': [ '7.0.15' ],
13 silly audit   '@types/json5': [ '0.0.29' ],
13 silly audit   '@types/jsonwebtoken': [ '9.0.10' ],
13 silly audit   '@types/long': [ '4.0.2' ],
13 silly audit   '@types/mime': [ '1.3.5' ],
13 silly audit   '@types/ms': [ '2.1.0' ],
13 silly audit   '@types/node': [ '25.0.3', '22.19.11' ],
13 silly audit   '@types/qs': [ '6.14.0' ],
13 silly audit   '@types/range-parser': [ '1.2.7' ],
13 silly audit   '@types/react': [ '19.1.17' ],
13 silly audit   '@types/request': [ '2.48.13' ],
13 silly audit   '@types/send': [ '1.2.1', '0.17.6' ],
13 silly audit   '@types/serve-static': [ '1.15.10' ],
13 silly audit   '@types/stack-utils': [ '2.0.3' ],
13 silly audit   '@types/tough-cookie': [ '4.0.5' ],
13 silly audit   '@types/triple-beam': [ '1.3.5' ],
13 silly audit   '@types/winston': [ '2.4.4' ],
13 silly audit   '@types/yargs': [ '17.0.35' ],
13 silly audit   '@types/yargs-parser': [ '21.0.3' ],
13 silly audit   '@typescript-eslint/eslint-plugin': [ '8.50.0' ],
13 silly audit   ignore: [ '7.0.5', '5.3.2' ],
13 silly audit   '@typescript-eslint/parser': [ '8.50.0' ],
13 silly audit   '@typescript-eslint/project-service': [ '8.50.0' ],
13 silly audit   '@typescript-eslint/scope-manager': [ '8.50.0' ],
13 silly audit   '@typescript-eslint/tsconfig-utils': [ '8.50.0' ],
13 silly audit   '@typescript-eslint/type-utils': [ '8.50.0' ],
13 silly audit   '@typescript-eslint/types': [ '8.50.0' ],
13 silly audit   '@typescript-eslint/typescript-estree': [ '8.50.0' ],
13 silly audit   '@typescript-eslint/utils': [ '8.50.0' ],
13 silly audit   '@typescript-eslint/visitor-keys': [ '8.50.0' ],
13 silly audit   '@ungap/structured-clone': [ '1.3.0' ],
13 silly audit   '@unrs/resolver-binding-android-arm-eabi': [ '1.11.1' ],
13 silly audit   '@unrs/resolver-binding-android-arm64': [ '1.11.1' ],
13 silly audit   '@unrs/resolver-binding-darwin-arm64': [ '1.11.1' ],
13 silly audit   '@unrs/resolver-binding-darwin-x64': [ '1.11.1' ],
13 silly audit   '@unrs/resolver-binding-freebsd-x64': [ '1.11.1' ],
13 silly audit   '@unrs/resolver-binding-linux-arm-gnueabihf': [ '1.11.1' ],
13 silly audit   '@unrs/resolver-binding-linux-arm-musleabihf': [ '1.11.1' ],
13 silly audit   '@unrs/resolver-binding-linux-arm64-gnu': [ '1.11.1' ],
13 silly audit   '@unrs/resolver-binding-linux-arm64-musl': [ '1.11.1' ],
13 silly audit   '@unrs/resolver-binding-linux-ppc64-gnu': [ '1.11.1' ],
13 silly audit   '@unrs/resolver-binding-linux-riscv64-gnu': [ '1.11.1' ],
13 silly audit   '@unrs/resolver-binding-linux-riscv64-musl': [ '1.11.1' ],
13 silly audit   '@unrs/resolver-binding-linux-s390x-gnu': [ '1.11.1' ],
13 silly audit   '@unrs/resolver-binding-linux-x64-gnu': [ '1.11.1' ],
13 silly audit   '@unrs/resolver-binding-linux-x64-musl': [ '1.11.1' ],
13 silly audit   '@unrs/resolver-binding-wasm32-wasi': [ '1.11.1' ],
13 silly audit   '@unrs/resolver-binding-win32-arm64-msvc': [ '1.11.1' ],
13 silly audit   '@unrs/resolver-binding-win32-ia32-msvc': [ '1.11.1' ],
13 silly audit   '@unrs/resolver-binding-win32-x64-msvc': [ '1.11.1' ],
13 silly audit   '@urql/core': [ '5.2.0' ],
13 silly audit   '@urql/exchange-retry': [ '1.3.2' ],
13 silly audit   '@xmldom/xmldom': [ '0.8.11' ],
13 silly audit   'abort-controller': [ '3.0.0' ],
13 silly audit   accepts: [ '1.3.8' ],
13 silly audit   acorn: [ '8.15.0' ],
13 silly audit   'acorn-jsx': [ '5.3.2' ],
13 silly audit   ajv: [ '6.12.6' ],
13 silly audit   anser: [ '1.4.10' ],
13 silly audit   'ansi-escapes': [ '4.3.2' ],
13 silly audit   'type-fest': [ '0.21.3', '4.41.0', '0.7.1' ],
13 silly audit   'any-promise': [ '1.3.0' ],
13 silly audit   anymatch: [ '3.1.3' ],
13 silly audit   arg: [ '5.0.2', '4.1.0' ],
13 silly audit   'aria-hidden': [ '1.2.6' ],
13 silly audit   'array-buffer-byte-length': [ '1.0.2' ],
13 silly audit   'array-flatten': [ '1.1.1' ],
13 silly audit   'array-includes': [ '3.1.9' ],
13 silly audit   'array.prototype.findlast': [ '1.2.5' ],
13 silly audit   'array.prototype.findlastindex': [ '1.2.6' ],
13 silly audit   'array.prototype.flat': [ '1.3.3' ],
13 silly audit   'array.prototype.flatmap': [ '1.3.3' ],
13 silly audit   'array.prototype.tosorted': [ '1.1.4' ],
13 silly audit   'arraybuffer.prototype.slice': [ '1.0.4' ],
13 silly audit   arrify: [ '2.0.1' ],
13 silly audit   asap: [ '2.0.6' ],
13 silly audit   assert: [ '2.1.0' ],
13 silly audit   async: [ '3.2.6' ],
13 silly audit   'async-function': [ '1.0.0' ],
13 silly audit   'async-limiter': [ '1.0.1' ],
13 silly audit   'async-retry': [ '1.3.3' ],
13 silly audit   asynckit: [ '0.4.0' ],
13 silly audit   'available-typed-arrays': [ '1.0.7' ],
13 silly audit   'babel-jest': [ '29.7.0' ],
13 silly audit   'babel-plugin-istanbul': [ '6.1.1' ],
13 silly audit   'babel-plugin-jest-hoist': [ '29.6.3' ],
13 silly audit   'babel-plugin-polyfill-corejs2': [ '0.4.15' ],
13 silly audit   'babel-plugin-polyfill-corejs3': [ '0.13.0' ],
13 silly audit   'babel-plugin-polyfill-regenerator': [ '0.6.6' ],
13 silly audit   'babel-plugin-react-compiler': [ '1.0.0' ],
13 silly audit   'babel-plugin-react-native-web': [ '0.21.2' ],
13 silly audit   'babel-plugin-syntax-hermes-parser': [ '0.29.1' ],
13 silly audit   'babel-plugin-transform-flow-enums': [ '0.0.2' ],
13 silly audit   'babel-preset-current-node-syntax': [ '1.2.0' ],
13 silly audit   'babel-preset-expo': [ '54.0.10' ],
13 silly audit   'babel-preset-jest': [ '29.6.3' ],
13 silly audit   badgin: [ '1.2.3' ],
13 silly audit   'base64-js': [ '1.5.1' ],
13 silly audit   'baseline-browser-mapping': [ '2.9.10' ],
13 silly audit   'better-opn': [ '3.0.2' ],
13 silly audit   open: [ '8.4.2', '7.4.2' ],
13 silly audit   'big-integer': [ '1.6.52' ],
13 silly audit   'bignumber.js': [ '9.3.1' ],
13 silly audit   'body-parser': [ '1.20.4' ],
13 silly audit   ms: [ '2.0.0', '2.1.3' ],
13 silly audit   'on-finished': [ '2.4.1', '2.3.0' ],
13 silly audit   boolbase: [ '1.0.0' ],
13 silly audit   'bplist-creator': [ '0.1.0' ],
13 silly audit   'bplist-parser': [ '0.3.1' ],
13 silly audit   braces: [ '3.0.3' ],
13 silly audit   browserslist: [ '4.28.1' ],
13 silly audit   'bs-logger': [ '0.2.6' ],
13 silly audit   bser: [ '2.1.1' ],
13 silly audit   buffer: [ '5.7.1' ],
13 silly audit   'buffer-equal-constant-time': [ '1.0.1' ],
13 silly audit   'buffer-from': [ '1.1.2' ],
13 silly audit   bytes: [ '3.1.2' ],
13 silly audit   'call-bind': [ '1.0.8' ],
13 silly audit   'call-bind-apply-helpers': [ '1.0.2' ],
13 silly audit   'call-bound': [ '1.0.4' ],
13 silly audit   callsites: [ '3.1.0' ],
13 silly audit   'caniuse-lite': [ '1.0.30001760' ],
13 silly audit   'char-regex': [ '1.0.2' ],
13 silly audit   chownr: [ '3.0.0' ],
13 silly audit   'chrome-launcher': [ '0.15.2' ],
13 silly audit   'chromium-edge-launcher': [ '0.2.0' ],
13 silly audit   'cjs-module-lexer': [ '1.4.3' ],
13 silly audit   'cli-cursor': [ '2.1.0' ],
13 silly audit   'cli-spinners': [ '2.9.2' ],
13 silly audit   'client-only': [ '0.0.1' ],
13 silly audit   cliui: [ '8.0.1' ],
13 silly audit   clone: [ '1.0.4' ],
13 silly audit   co: [ '4.6.0' ],
13 silly audit   'collect-v8-coverage': [ '1.0.3' ],
13 silly audit   'combined-stream': [ '1.0.8' ],
13 silly audit   commander: [ '7.2.0', '12.1.0', '4.1.1', '2.20.3' ],
13 silly audit   compressible: [ '2.0.18' ],
13 silly audit   compression: [ '1.8.1' ],
13 silly audit   negotiator: [ '0.6.4', '0.6.3' ],
13 silly audit   'concat-map': [ '0.0.1' ],
13 silly audit   connect: [ '3.7.0' ],
13 silly audit   'content-disposition': [ '0.5.4' ],
13 silly audit   'content-type': [ '1.0.5' ],
13 silly audit   'convert-source-map': [ '2.0.0' ],
13 silly audit   cookie: [ '0.7.2' ],
13 silly audit   'cookie-signature': [ '1.0.7' ],
13 silly audit   'core-js-compat': [ '3.48.0' ],
13 silly audit   cors: [ '2.8.6' ],
13 silly audit   'create-jest': [ '29.7.0' ],
13 silly audit   'cross-fetch': [ '3.2.0' ],
13 silly audit   'cross-spawn': [ '7.0.6' ],
13 silly audit   'crypto-random-string': [ '2.0.0' ],
13 silly audit   'css-in-js-utils': [ '3.1.0' ],
13 silly audit   'css-select': [ '5.2.2' ],
13 silly audit   'css-tree': [ '1.1.3' ],
13 silly audit   'source-map': [ '0.6.1', '0.5.7' ],
13 silly audit   'css-what': [ '6.2.2' ],
13 silly audit   csstype: [ '3.2.3' ],
13 silly audit   'd3-array': [ '3.2.4' ],
13 silly audit   'd3-color': [ '3.1.0' ],
13 silly audit   'd3-ease': [ '3.0.1' ],
13 silly audit   'd3-format': [ '3.1.2' ],
13 silly audit   'd3-interpolate': [ '3.0.1' ],
13 silly audit   'd3-path': [ '3.1.0' ],
13 silly audit   'd3-scale': [ '4.0.2' ],
13 silly audit   'd3-shape': [ '3.2.0' ],
13 silly audit   'd3-time': [ '3.1.0' ],
13 silly audit   'd3-time-format': [ '4.1.0' ],
13 silly audit   'd3-timer': [ '3.0.1' ],
13 silly audit   'd3-voronoi': [ '1.1.4' ],
13 silly audit   'data-uri-to-buffer': [ '4.0.1' ],
13 silly audit   'data-view-buffer': [ '1.0.2' ],
13 silly audit   'data-view-byte-length': [ '1.0.2' ],
13 silly audit   'data-view-byte-offset': [ '1.0.1' ],
13 silly audit   'decode-uri-component': [ '0.2.2' ],
13 silly audit   dedent: [ '1.7.1' ],
13 silly audit   'deep-extend': [ '0.6.0' ],
13 silly audit   'deep-is': [ '0.1.4' ],
13 silly audit   deepmerge: [ '4.3.1' ],
13 silly audit   defaults: [ '1.0.4' ],
13 silly audit   'define-data-property': [ '1.1.4' ],
13 silly audit   'define-lazy-prop': [ '2.0.0' ],
13 silly audit   'define-properties': [ '1.2.1' ],
13 silly audit   delaunator: [ '4.0.1' ],
13 silly audit   'delaunay-find': [ '0.0.6' ],
13 silly audit   'delayed-stream': [ '1.0.0' ],
13 silly audit   depd: [ '2.0.0' ],
13 silly audit   destroy: [ '1.2.0' ],
13 silly audit   'detect-libc': [ '2.1.2' ],
13 silly audit   'detect-newline': [ '3.1.0' ],
13 silly audit   'detect-node-es': [ '1.1.0' ],
13 silly audit   'diff-sequences': [ '29.6.3' ],
13 silly audit   doctrine: [ '2.1.0' ],
13 silly audit   'dom-serializer': [ '2.0.0' ],
13 silly audit   domelementtype: [ '2.3.0' ],
13 silly audit   domhandler: [ '5.0.3' ],
13 silly audit   domutils: [ '3.2.2' ],
13 silly audit   dotenv: [ '16.4.7' ],
13 silly audit   'dotenv-expand': [ '11.0.7' ],
13 silly audit   'dunder-proto': [ '1.0.1' ],
13 silly audit   duplexify: [ '4.1.3' ],
13 silly audit   eastasianwidth: [ '0.2.0' ],
13 silly audit   'ecdsa-sig-formatter': [ '1.0.11' ],
13 silly audit   'ee-first': [ '1.1.1' ],
13 silly audit   'electron-to-chromium': [ '1.5.267' ],
13 silly audit   emittery: [ '0.13.1' ],
13 silly audit   enabled: [ '2.0.0' ],
13 silly audit   encodeurl: [ '1.0.2', '2.0.0' ],
13 silly audit   'end-of-stream': [ '1.4.5' ],
13 silly audit   entities: [ '4.5.0' ],
13 silly audit   'env-editor': [ '0.4.2' ],
13 silly audit   'error-ex': [ '1.3.4' ],
13 silly audit   'is-arrayish': [ '0.2.1', '0.3.4' ],
13 silly audit   'error-stack-parser': [ '2.1.4' ],
13 silly audit   'es-abstract': [ '1.24.1' ],
13 silly audit   'es-define-property': [ '1.0.1' ],
13 silly audit   'es-errors': [ '1.3.0' ],
13 silly audit   'es-iterator-helpers': [ '1.2.2' ],
13 silly audit   'es-object-atoms': [ '1.1.1' ],
13 silly audit   'es-set-tostringtag': [ '2.1.0' ],
13 silly audit   'es-shim-unscopables': [ '1.1.0' ],
13 silly audit   'es-to-primitive': [ '1.3.0' ],
13 silly audit   escalade: [ '3.2.0' ],
13 silly audit   'escape-html': [ '1.0.3' ],
13 silly audit   eslint: [ '9.39.2' ],
13 silly audit   'eslint-config-expo': [ '10.0.0' ],
13 silly audit   globals: [ '16.5.0', '14.0.0' ],
13 silly audit   'eslint-import-resolver-node': [ '0.3.9' ],
13 silly audit   'eslint-import-resolver-typescript': [ '3.10.1' ],
13 silly audit   'eslint-module-utils': [ '2.12.1' ],
13 silly audit   'eslint-plugin-expo': [ '1.0.0' ],
13 silly audit   'eslint-plugin-import': [ '2.32.0' ],
13 silly audit   'eslint-plugin-react': [ '7.37.5' ],
13 silly audit   'eslint-plugin-react-hooks': [ '5.2.0' ],
13 silly audit   resolve: [ '2.0.0-next.5', '1.7.1', '1.22.11' ],
13 silly audit   'eslint-scope': [ '8.4.0' ],
13 silly audit   espree: [ '10.4.0' ],
13 silly audit   esprima: [ '4.0.1' ],
13 silly audit   esquery: [ '1.6.0' ],
13 silly audit   esrecurse: [ '4.3.0' ],
13 silly audit   estraverse: [ '5.3.0' ],
13 silly audit   esutils: [ '2.0.3' ],
13 silly audit   etag: [ '1.8.1' ],
13 silly audit   'event-target-shim': [ '5.0.1' ],
13 silly audit   'exec-async': [ '2.2.0' ],
13 silly audit   execa: [ '5.1.1' ],
13 silly audit   'mimic-fn': [ '2.1.0', '1.2.0' ],
13 silly audit   onetime: [ '5.1.2', '2.0.1' ],
13 silly audit   exit: [ '0.1.2' ],
13 silly audit   expect: [ '29.7.0' ],
13 silly audit   expo: [ '54.0.33' ],
13 silly audit   'expo-application': [ '7.0.8' ],
13 silly audit   'expo-asset': [ '12.0.12' ],
13 silly audit   'expo-blur': [ '15.0.8' ],
13 silly audit   'expo-camera': [ '17.0.10' ],
13 silly audit   'expo-clipboard': [ '8.0.8' ],
13 silly audit   'expo-constants': [ '18.0.13' ],
13 silly audit   'expo-contacts': [ '15.0.11' ],
13 silly audit   'expo-device': [ '8.0.10' ],
13 silly audit   'ua-parser-js': [ '0.7.41', '1.0.41' ],
13 silly audit   'expo-eas-client': [ '1.0.8' ],
13 silly audit   'expo-file-system': [ '19.0.21' ],
13 silly audit   'expo-font': [ '14.0.11' ],
13 silly audit   'expo-haptics': [ '15.0.8' ],
13 silly audit   'expo-image': [ '3.0.11' ],
13 silly audit   'expo-image-loader': [ '6.0.0' ],
13 silly audit   'expo-image-manipulator': [ '14.0.8' ],
13 silly audit   'expo-image-picker': [ '17.0.10' ],
13 silly audit   'expo-json-utils': [ '0.15.0' ],
13 silly audit   'expo-keep-awake': [ '15.0.8' ],
13 silly audit   'expo-linking': [ '8.0.11' ],
13 silly audit   'expo-localization': [ '17.0.8' ],
13 silly audit   'expo-location': [ '19.0.8' ],
13 silly audit   'expo-manifests': [ '1.0.10' ],
13 silly audit   'expo-media-library': [ '18.2.1' ],
13 silly audit   'expo-modules-autolinking': [ '3.0.24' ],
13 silly audit   'expo-modules-core': [ '3.0.29' ],
13 silly audit   'expo-notifications': [ '0.32.16' ],
13 silly audit   'expo-router': [ '6.0.21' ],
13 silly audit   '@radix-ui/react-collection': [ '1.1.7' ],
13 silly audit   '@radix-ui/react-presence': [ '1.1.5' ],
13 silly audit   '@radix-ui/react-primitive': [ '2.1.3' ],
13 silly audit   '@radix-ui/react-roving-focus': [ '1.1.11' ],
13 silly audit   '@radix-ui/react-tabs': [ '1.1.13' ],
13 silly audit   'expo-server': [ '1.0.5' ],
13 silly audit   'expo-sharing': [ '14.0.8' ],
13 silly audit   'expo-splash-screen': [ '31.0.13' ],
13 silly audit   'expo-status-bar': [ '3.0.9' ],
13 silly audit   'expo-store-review': [ '9.0.9' ],
13 silly audit   'expo-structured-headers': [ '5.0.0' ],
13 silly audit   'expo-symbols': [ '1.0.8' ],
13 silly audit   'expo-system-ui': [ '6.0.9' ],
13 silly audit   'expo-updates': [ '29.0.16' ],
13 silly audit   'expo-updates-interface': [ '2.0.0' ],
13 silly audit   'expo-web-browser': [ '15.0.10' ],
13 silly audit   'exponential-backoff': [ '3.1.3' ],
13 silly audit   express: [ '4.22.1' ],
13 silly audit   finalhandler: [ '1.3.2', '1.1.2' ],
13 silly audit   statuses: [ '2.0.2', '1.5.0' ],
13 silly audit   extend: [ '3.0.2' ],
13 silly audit   'farmhash-modern': [ '1.1.0' ],
13 silly audit   'fast-deep-equal': [ '3.1.3' ],
13 silly audit   'fast-json-stable-stringify': [ '2.1.0' ],
13 silly audit   'fast-levenshtein': [ '2.0.6' ],
13 silly audit   'fast-xml-parser': [ '5.3.5' ],
13 silly audit   'faye-websocket': [ '0.11.4' ],
13 silly audit   'fb-watchman': [ '2.0.2' ],
13 silly audit   fbjs: [ '3.0.5' ],
13 silly audit   'fbjs-css-vars': [ '1.0.2' ],
13 silly audit   promise: [ '7.3.1', '8.3.0' ],
13 silly audit   fecha: [ '4.2.3' ],
13 silly audit   'fetch-blob': [ '3.2.0' ],
13 silly audit   'file-entry-cache': [ '8.0.0' ],
13 silly audit   'fill-range': [ '7.1.1' ],
13 silly audit   'filter-obj': [ '1.1.0' ],
13 silly audit   firebase: [ '12.7.0' ],
13 silly audit   'firebase-admin': [ '13.6.1' ],
13 silly audit   'undici-types': [ '6.21.0', '7.16.0' ],
13 silly audit   'firebase-functions': [ '7.0.5' ],
13 silly audit   'flat-cache': [ '4.0.1' ],
13 silly audit   flatted: [ '3.3.3' ],
13 silly audit   'flow-enums-runtime': [ '0.0.6' ],
13 silly audit   'fn.name': [ '1.1.0' ],
13 silly audit   fontfaceobserver: [ '2.3.0' ],
13 silly audit   'for-each': [ '0.3.5' ],
13 silly audit   'foreground-child': [ '3.3.1' ],
13 silly audit   'signal-exit': [ '4.1.0', '3.0.7' ],
13 silly audit   'form-data': [ '2.5.5' ],
13 silly audit   'formdata-polyfill': [ '4.0.10' ],
13 silly audit   forwarded: [ '0.2.0' ],
13 silly audit   'freeport-async': [ '2.0.0' ],
13 silly audit   fresh: [ '0.5.2' ],
13 silly audit   'fs.realpath': [ '1.0.0' ],
13 silly audit   fsevents: [ '2.3.3' ],
13 silly audit   'function-bind': [ '1.1.2' ],
13 silly audit   'function.prototype.name': [ '1.1.8' ],
13 silly audit   'functional-red-black-tree': [ '1.0.1' ],
13 silly audit   'functions-have-names': [ '1.2.3' ],
13 silly audit   'generator-function': [ '2.0.1' ],
13 silly audit   gensync: [ '1.0.0-beta.2' ],
13 silly audit   'geofire-common': [ '6.0.0' ],
13 silly audit   'get-caller-file': [ '2.0.5' ],
13 silly audit   'get-intrinsic': [ '1.3.0' ],
13 silly audit   'get-nonce': [ '1.0.1' ],
13 silly audit   'get-package-type': [ '0.1.0' ],
13 silly audit   'get-proto': [ '1.0.1' ],
13 silly audit   'get-stream': [ '6.0.1' ],
13 silly audit   'get-symbol-description': [ '1.1.0' ],
13 silly audit   'get-tsconfig': [ '4.13.0' ],
13 silly audit   getenv: [ '2.0.0' ],
13 silly audit   'glob-parent': [ '6.0.2' ],
13 silly audit   'global-dirs': [ '0.1.1' ],
13 silly audit   globalthis: [ '1.0.4' ],
13 silly audit   gopd: [ '1.2.0' ],
13 silly audit   'graceful-fs': [ '4.2.11' ],
13 silly audit   gtoken: [ '7.1.0' ],
13 silly audit   handlebars: [ '4.7.8' ],
13 silly audit   'has-bigints': [ '1.1.0' ],
13 silly audit   'has-property-descriptors': [ '1.0.2' ],
13 silly audit   'has-proto': [ '1.2.0' ],
13 silly audit   'has-symbols': [ '1.1.0' ],
13 silly audit   'has-tostringtag': [ '1.0.2' ],
13 silly audit   hasown: [ '2.0.2' ],
13 silly audit   'hermes-estree': [ '0.29.1', '0.32.0' ],
13 silly audit   'hermes-parser': [ '0.29.1', '0.32.0' ],
13 silly audit   'hoist-non-react-statics': [ '3.3.2' ],
13 silly audit   'react-is': [ '16.13.1', '18.3.1', '19.2.3' ],
13 silly audit   'hosted-git-info': [ '7.0.2' ],
13 silly audit   'html-entities': [ '2.6.0' ],
13 silly audit   'html-escaper': [ '2.0.2' ],
13 silly audit   'http-errors': [ '2.0.1' ],
13 silly audit   'http-parser-js': [ '0.5.10' ],
13 silly audit   'http-proxy-agent': [ '5.0.0' ],
13 silly audit   'human-signals': [ '2.1.0' ],
13 silly audit   'hyphenate-style-name': [ '1.1.0' ],
13 silly audit   'iconv-lite': [ '0.4.24' ],
13 silly audit   idb: [ '7.1.1' ],
13 silly audit   ieee754: [ '1.2.1' ],
13 silly audit   'image-size': [ '1.2.1' ],
13 silly audit   'import-fresh': [ '3.3.1' ],
13 silly audit   'resolve-from': [ '4.0.0', '5.0.0' ],
13 silly audit   'import-local': [ '3.2.0' ],
13 silly audit   imurmurhash: [ '0.1.4' ],
13 silly audit   'indent-string': [ '4.0.0' ],
13 silly audit   inflight: [ '1.0.6' ],
13 silly audit   inherits: [ '2.0.4' ],
13 silly audit   ini: [ '1.3.8' ],
13 silly audit   'inline-style-prefixer': [ '7.0.1' ],
13 silly audit   'internal-slot': [ '1.1.0' ],
13 silly audit   internmap: [ '2.0.3' ],
13 silly audit   invariant: [ '2.2.4' ],
13 silly audit   'ipaddr.js': [ '1.9.1' ],
13 silly audit   'is-arguments': [ '1.2.0' ],
13 silly audit   'is-array-buffer': [ '3.0.5' ],
13 silly audit   'is-async-function': [ '2.1.1' ],
13 silly audit   'is-bigint': [ '1.1.0' ],
13 silly audit   'is-boolean-object': [ '1.2.2' ],
13 silly audit   'is-bun-module': [ '2.0.0' ],
13 silly audit   'is-callable': [ '1.2.7' ],
13 silly audit   'is-core-module': [ '2.16.1' ],
13 silly audit   'is-data-view': [ '1.0.2' ],
13 silly audit   'is-date-object': [ '1.1.0' ],
13 silly audit   'is-docker': [ '2.2.1' ],
13 silly audit   'is-extglob': [ '2.1.1' ],
13 silly audit   'is-finalizationregistry': [ '1.1.1' ],
13 silly audit   'is-fullwidth-code-point': [ '3.0.0' ],
13 silly audit   'is-generator-fn': [ '2.1.0' ],
13 silly audit   'is-generator-function': [ '1.1.2' ],
13 silly audit   'is-glob': [ '4.0.3' ],
13 silly audit   'is-map': [ '2.0.3' ],
13 silly audit   'is-nan': [ '1.3.2' ],
13 silly audit   'is-negative-zero': [ '2.0.3' ],
13 silly audit   'is-number': [ '7.0.0' ],
13 silly audit   'is-number-object': [ '1.1.1' ],
13 silly audit   'is-plain-obj': [ '2.1.0' ],
13 silly audit   'is-regex': [ '1.2.1' ],
13 silly audit   'is-set': [ '2.0.3' ],
13 silly audit   'is-shared-array-buffer': [ '1.0.4' ],
13 silly audit   'is-stream': [ '2.0.1' ],
13 silly audit   'is-string': [ '1.1.1' ],
13 silly audit   'is-symbol': [ '1.1.1' ],
13 silly audit   'is-typed-array': [ '1.1.15' ],
13 silly audit   'is-weakmap': [ '2.0.2' ],
13 silly audit   'is-weakref': [ '1.1.1' ],
13 silly audit   'is-weakset': [ '2.0.4' ],
13 silly audit   'is-wsl': [ '2.2.0' ],
13 silly audit   isarray: [ '2.0.5' ],
13 silly audit   isexe: [ '2.0.0' ],
13 silly audit   'istanbul-lib-coverage': [ '3.2.2' ],
13 silly audit   'istanbul-lib-report': [ '3.0.1' ],
13 silly audit   'istanbul-lib-source-maps': [ '4.0.1' ],
13 silly audit   'istanbul-reports': [ '3.2.0' ],
13 silly audit   'iterator.prototype': [ '1.1.5' ],
13 silly audit   jackspeak: [ '3.4.3' ],
13 silly audit   jest: [ '29.7.0' ],
13 silly audit   'jest-changed-files': [ '29.7.0' ],
13 silly audit   'jest-circus': [ '29.7.0' ],
13 silly audit   'jest-cli': [ '29.7.0' ],
13 silly audit   'jest-config': [ '29.7.0' ],
13 silly audit   'jest-diff': [ '29.7.0' ],
13 silly audit   'jest-docblock': [ '29.7.0' ],
13 silly audit   'jest-each': [ '29.7.0' ],
13 silly audit   'jest-environment-node': [ '29.7.0' ],
13 silly audit   'jest-get-type': [ '29.6.3' ],
13 silly audit   'jest-haste-map': [ '29.7.0' ],
13 silly audit   'jest-leak-detector': [ '29.7.0' ],
13 silly audit   'jest-matcher-utils': [ '29.7.0' ],
13 silly audit   'jest-message-util': [ '29.7.0' ],
13 silly audit   'jest-mock': [ '29.7.0' ],
13 silly audit   'jest-pnp-resolver': [ '1.2.3' ],
13 silly audit   'jest-regex-util': [ '29.6.3' ],
13 silly audit   'jest-resolve': [ '29.7.0' ],
13 silly audit   'jest-resolve-dependencies': [ '29.7.0' ],
13 silly audit   'jest-runner': [ '29.7.0' ],
13 silly audit   'source-map-support': [ '0.5.13', '0.5.21' ],
13 silly audit   'jest-runtime': [ '29.7.0' ],
13 silly audit   'strip-bom': [ '4.0.0', '3.0.0' ],
13 silly audit   'jest-snapshot': [ '29.7.0' ],
13 silly audit   'jest-util': [ '29.7.0' ],
13 silly audit   'jest-validate': [ '29.7.0' ],
13 silly audit   'jest-watcher': [ '29.7.0' ],
13 silly audit   'jest-worker': [ '29.7.0' ],
13 silly audit   'jimp-compact': [ '0.16.1' ],
13 silly audit   joi: [ '18.0.2' ],
13 silly audit   jose: [ '4.15.9' ],
13 silly audit   'js-tokens': [ '4.0.0' ],
13 silly audit   'jsc-safe-url': [ '0.2.4' ],
13 silly audit   jsesc: [ '3.1.0' ],
13 silly audit   'json-bigint': [ '1.0.0' ],
13 silly audit   'json-buffer': [ '3.0.1' ],
13 silly audit   'json-parse-even-better-errors': [ '2.3.1' ],
13 silly audit   'json-schema-traverse': [ '0.4.1' ],
13 silly audit   'json-stable-stringify-without-jsonify': [ '1.0.1' ],
13 silly audit   'json-stringify-safe': [ '5.0.1' ],
13 silly audit   json5: [ '2.2.3', '1.0.2' ],
13 silly audit   jsonwebtoken: [ '9.0.3' ],
13 silly audit   'jsx-ast-utils': [ '3.3.5' ],
13 silly audit   jwa: [ '2.0.1' ],
13 silly audit   'jwks-rsa': [ '3.2.2' ],
13 silly audit   jws: [ '4.0.1' ],
13 silly audit   kdbush: [ '4.0.2' ],
13 silly audit   keyv: [ '4.5.4' ],
13 silly audit   kleur: [ '3.0.3' ],
13 silly audit   kuler: [ '2.0.0' ],
13 silly audit   'lan-network': [ '0.1.7' ],
13 silly audit   leven: [ '3.1.0' ],
13 silly audit   levn: [ '0.4.1' ],
13 silly audit   'lighthouse-logger': [ '1.4.2' ],
13 silly audit   lightningcss: [ '1.31.1' ],
13 silly audit   'lightningcss-android-arm64': [ '1.31.1' ],
13 silly audit   'lightningcss-darwin-arm64': [ '1.31.1' ],
13 silly audit   'lightningcss-darwin-x64': [ '1.31.1' ],
13 silly audit   'lightningcss-freebsd-x64': [ '1.31.1' ],
13 silly audit   'lightningcss-linux-arm-gnueabihf': [ '1.31.1' ],
13 silly audit   'lightningcss-linux-arm64-gnu': [ '1.31.1' ],
13 silly audit   'lightningcss-linux-arm64-musl': [ '1.31.1' ],
13 silly audit   'lightningcss-linux-x64-gnu': [ '1.31.1' ],
13 silly audit   'lightningcss-linux-x64-musl': [ '1.31.1' ],
13 silly audit   'lightningcss-win32-arm64-msvc': [ '1.31.1' ],
13 silly audit   'lightningcss-win32-x64-msvc': [ '1.31.1' ],
13 silly audit   limiter: [ '1.1.5' ],
13 silly audit   'lines-and-columns': [ '1.2.4' ],
13 silly audit   lodash: [ '4.17.23' ],
13 silly audit   'lodash.camelcase': [ '4.3.0' ],
13 silly audit   'lodash.clonedeep': [ '4.5.0' ],
13 silly audit   'lodash.debounce': [ '4.0.8' ],
13 silly audit   'lodash.includes': [ '4.3.0' ],
13 silly audit   'lodash.isboolean': [ '3.0.3' ],
13 silly audit   'lodash.isinteger': [ '4.0.4' ],
13 silly audit   'lodash.isnumber': [ '3.0.3' ],
13 silly audit   'lodash.isplainobject': [ '4.0.6' ],
13 silly audit   'lodash.isstring': [ '4.0.1' ],
13 silly audit   'lodash.memoize': [ '4.1.2' ],
13 silly audit   'lodash.merge': [ '4.6.2' ],
13 silly audit   'lodash.once': [ '4.1.1' ],
13 silly audit   'lodash.throttle': [ '4.1.1' ],
13 silly audit   'log-symbols': [ '2.2.0' ],
13 silly audit   logform: [ '2.7.0' ],
13 silly audit   long: [ '5.3.2' ],
13 silly audit   'loose-envify': [ '1.4.0' ],
13 silly audit   'lru-memoizer': [ '2.3.0' ],
13 silly audit   yallist: [ '4.0.0', '5.0.0', '3.1.1' ],
13 silly audit   'make-dir': [ '4.0.0' ],
13 silly audit   'make-error': [ '1.3.6' ],
13 silly audit   makeerror: [ '1.0.12' ],
13 silly audit   marky: [ '1.3.0' ],
13 silly audit   'math-intrinsics': [ '1.1.0' ],
13 silly audit   'mdn-data': [ '2.0.14' ],
13 silly audit   'media-typer': [ '0.3.0' ],
13 silly audit   'memoize-one': [ '5.2.1', '6.0.0' ],
13 silly audit   'merge-descriptors': [ '1.0.3' ],
13 silly audit   'merge-options': [ '3.0.4' ],
13 silly audit   'merge-stream': [ '2.0.0' ],
13 silly audit   methods: [ '1.1.2' ],
13 silly audit   metro: [ '0.83.3' ],
13 silly audit   'metro-babel-transformer': [ '0.83.3' ],
13 silly audit   'metro-cache': [ '0.83.3' ],
13 silly audit   'metro-cache-key': [ '0.83.3' ],
13 silly audit   'metro-config': [ '0.83.3' ],
13 silly audit   'metro-core': [ '0.83.3' ],
13 silly audit   'metro-file-map': [ '0.83.3' ],
13 silly audit   'metro-minify-terser': [ '0.83.3' ],
13 silly audit   'metro-resolver': [ '0.83.3' ],
13 silly audit   'metro-runtime': [ '0.83.3' ],
13 silly audit   'metro-source-map': [ '0.83.3' ],
13 silly audit   'metro-symbolicate': [ '0.83.3' ],
13 silly audit   'metro-transform-plugins': [ '0.83.3' ],
13 silly audit   'metro-transform-worker': [ '0.83.3' ],
13 silly audit   micromatch: [ '4.0.8' ],
13 silly audit   'mime-db': [ '1.52.0' ],
13 silly audit   'mime-types': [ '2.1.35' ],
13 silly audit   'min-indent': [ '1.0.1' ],
13 silly audit   minimist: [ '1.2.8' ],
13 silly audit   minipass: [ '7.1.2' ],
13 silly audit   minizlib: [ '3.1.0' ],
13 silly audit   mkdirp: [ '1.0.4' ],
13 silly audit   mz: [ '2.7.0' ],
13 silly audit   nanoid: [ '3.3.11' ],
13 silly audit   'napi-postinstall': [ '0.3.4' ],
13 silly audit   'natural-compare': [ '1.4.0' ],
13 silly audit   'neo-async': [ '2.6.2' ],
13 silly audit   'nested-error-stacks': [ '2.0.1' ],
13 silly audit   'node-domexception': [ '1.0.0' ],
13 silly audit   'node-forge': [ '1.3.3' ],
13 silly audit   'node-int64': [ '0.4.0' ],
13 silly audit   'node-releases': [ '2.0.27' ],
13 silly audit   'normalize-path': [ '3.0.0' ],
13 silly audit   'npm-package-arg': [ '11.0.3' ],
13 silly audit   'npm-run-path': [ '4.0.1' ],
13 silly audit   'nth-check': [ '2.1.1' ],
13 silly audit   nullthrows: [ '1.1.1' ],
13 silly audit   ob1: [ '0.83.3' ],
13 silly audit   'object-assign': [ '4.1.1' ],
13 silly audit   'object-hash': [ '3.0.0' ],
13 silly audit   'object-inspect': [ '1.13.4' ],
13 silly audit   'object-is': [ '1.1.6' ],
13 silly audit   'object-keys': [ '1.1.1' ],
13 silly audit   'object.assign': [ '4.1.7' ],
13 silly audit   'object.entries': [ '1.1.9' ],
13 silly audit   'object.fromentries': [ '2.0.8' ],
13 silly audit   'object.groupby': [ '1.0.3' ],
13 silly audit   'object.values': [ '1.2.1' ],
13 silly audit   'on-headers': [ '1.1.0' ],
13 silly audit   once: [ '1.4.0' ],
13 silly audit   'one-time': [ '1.0.0' ],
13 silly audit   optionator: [ '0.9.4' ],
13 silly audit   ora: [ '3.4.0' ],
13 silly audit   'own-keys': [ '1.0.1' ],
13 silly audit   'p-try': [ '2.2.0' ],
13 silly audit   'package-json-from-dist': [ '1.0.1' ],
13 silly audit   'parent-module': [ '1.0.1' ],
13 silly audit   'parse-json': [ '5.2.0' ],
13 silly audit   'parse-png': [ '2.1.0' ],
13 silly audit   parseurl: [ '1.3.3' ],
13 silly audit   'path-exists': [ '4.0.0' ],
13 silly audit   'path-is-absolute': [ '1.0.1' ],
13 silly audit   'path-key': [ '3.1.1' ],
13 silly audit   'path-parse': [ '1.0.7' ],
13 silly audit   'path-to-regexp': [ '0.1.12' ],
13 silly audit   picocolors: [ '1.1.1' ],
13 silly audit   pirates: [ '4.0.7' ],
13 silly audit   'pkg-dir': [ '4.2.0' ],
13 silly audit   plist: [ '3.1.0' ],
13 silly audit   pngjs: [ '3.4.0' ],
13 silly audit   'possible-typed-array-names': [ '1.1.0' ],
13 silly audit   postcss: [ '8.4.49' ],
13 silly audit   'postcss-value-parser': [ '4.2.0' ],
13 silly audit   'prelude-ls': [ '1.2.1' ],
13 silly audit   'pretty-bytes': [ '5.6.0' ],
13 silly audit   'pretty-format': [ '29.7.0' ],
13 silly audit   'proc-log': [ '4.2.0' ],
13 silly audit   progress: [ '2.0.3' ],
13 silly audit   prompts: [ '2.4.2' ],
13 silly audit   'prop-types': [ '15.8.1' ],
13 silly audit   protobufjs: [ '7.5.4' ],
13 silly audit   'proxy-addr': [ '2.0.7' ],
13 silly audit   'proxy-from-env': [ '1.1.0' ],
13 silly audit   punycode: [ '2.3.1' ],
13 silly audit   'pure-rand': [ '6.1.0' ],
13 silly audit   'qrcode-terminal': [ '0.11.0' ],
13 silly audit   qs: [ '6.14.2' ],
13 silly audit   'query-string': [ '7.1.3' ],
13 silly audit   queue: [ '6.0.2' ],
13 silly audit   'range-parser': [ '1.2.1' ],
13 silly audit   'raw-body': [ '2.5.3' ],
13 silly audit   rc: [ '1.2.8' ],
13 silly audit   'strip-json-comments': [ '2.0.1', '3.1.1' ],
13 silly audit   react: [ '19.1.0' ],
13 silly audit   'react-devtools-core': [ '6.1.5' ],
13 silly audit   'react-dom': [ '19.1.0' ],
13 silly audit   'react-fast-compare': [ '3.2.2' ],
13 silly audit   'react-freeze': [ '1.0.4' ],
13 silly audit   'react-native': [ '0.81.5' ],
13 silly audit   'react-native-gesture-handler': [ '2.28.0' ],
13 silly audit   'react-native-is-edge-to-edge': [ '1.2.1' ],
13 silly audit   'react-native-maps': [ '1.20.1' ],
13 silly audit   'react-native-reanimated': [ '4.1.6' ],
13 silly audit   'react-native-safe-area-context': [ '5.6.2' ],
13 silly audit   'react-native-screens': [ '4.16.0' ],
13 silly audit   'react-native-svg': [ '15.15.2' ],
13 silly audit   'react-native-web': [ '0.21.2' ],
13 silly audit   'react-native-webview': [ '13.15.0' ],
13 silly audit   'react-native-worklets': [ '0.5.1' ],
13 silly audit   '@react-native/virtualized-lists': [ '0.81.5' ],
13 silly audit   'react-refresh': [ '0.14.2' ],
13 silly audit   'react-remove-scroll': [ '2.7.2' ],
13 silly audit   'react-remove-scroll-bar': [ '2.3.8' ],
13 silly audit   'react-style-singleton': [ '2.2.3' ],
13 silly audit   'readable-stream': [ '3.6.2' ],
13 silly audit   redent: [ '3.0.0' ],
13 silly audit   'reflect.getprototypeof': [ '1.0.10' ],
13 silly audit   regenerate: [ '1.4.2' ],
13 silly audit   'regenerate-unicode-properties': [ '10.2.2' ],
13 silly audit   'regenerator-runtime': [ '0.13.11' ],
13 silly audit   'regexp.prototype.flags': [ '1.5.4' ],
13 silly audit   'regexpu-core': [ '6.4.0' ],
13 silly audit   regjsgen: [ '0.8.0' ],
13 silly audit   regjsparser: [ '0.13.0' ],
13 silly audit   'require-directory': [ '2.1.1' ],
13 silly audit   'require-from-string': [ '2.0.2' ],
13 silly audit   requireg: [ '0.2.2' ],
13 silly audit   'resolve-cwd': [ '3.0.0' ],
13 silly audit   'resolve-global': [ '1.0.0' ],
13 silly audit   'resolve-pkg-maps': [ '1.0.0' ],
13 silly audit   'resolve-workspace-root': [ '2.0.0' ],
13 silly audit   'resolve.exports': [ '2.0.3' ],
13 silly audit   'restore-cursor': [ '2.0.0' ],
13 silly audit   retry: [ '0.13.1' ],
13 silly audit   'rtl-detect': [ '1.1.2' ],
13 silly audit   'safe-array-concat': [ '1.1.3' ],
13 silly audit   'safe-buffer': [ '5.2.1' ],
13 silly audit   'safe-push-apply': [ '1.0.0' ],
13 silly audit   'safe-regex-test': [ '1.1.0' ],
13 silly audit   'safe-stable-stringify': [ '2.5.0' ],
13 silly audit   'safer-buffer': [ '2.1.2' ],
13 silly audit   sax: [ '1.4.3' ],
13 silly audit   scheduler: [ '0.26.0' ],
13 silly audit   send: [ '0.19.2' ],
13 silly audit   'serialize-error': [ '2.1.0' ],
13 silly audit   'serve-static': [ '1.16.3' ],
13 silly audit   'server-only': [ '0.0.1' ],
13 silly audit   'set-function-length': [ '1.2.2' ],
13 silly audit   'set-function-name': [ '2.0.2' ],
13 silly audit   'set-proto': [ '1.0.0' ],
13 silly audit   setimmediate: [ '1.0.5' ],
13 silly audit   setprototypeof: [ '1.2.0' ],
13 silly audit   'sf-symbols-typescript': [ '2.2.0' ],
13 silly audit   shallowequal: [ '1.1.0' ],
13 silly audit   'shebang-command': [ '2.0.0' ],
13 silly audit   'shebang-regex': [ '3.0.0' ],
13 silly audit   'shell-quote': [ '1.8.3' ],
13 silly audit   'side-channel': [ '1.1.0' ],
13 silly audit   'side-channel-list': [ '1.0.0' ],
13 silly audit   'side-channel-map': [ '1.0.1' ],
13 silly audit   'side-channel-weakmap': [ '1.0.2' ],
13 silly audit   'simple-plist': [ '1.3.1' ],
13 silly audit   'simple-swizzle': [ '0.2.4' ],
13 silly audit   sisteransi: [ '1.0.5' ],
13 silly audit   slash: [ '3.0.0' ],
13 silly audit   slugify: [ '1.6.6' ],
13 silly audit   'source-map-js': [ '1.2.1' ],
13 silly audit   'split-on-first': [ '1.1.0' ],
13 silly audit   'sprintf-js': [ '1.0.3' ],
13 silly audit   'stable-hash': [ '0.0.5' ],
13 silly audit   'stack-trace': [ '0.0.10' ],
13 silly audit   'stack-utils': [ '2.0.6' ],
13 silly audit   stackframe: [ '1.3.4' ],
13 silly audit   'stacktrace-parser': [ '0.1.11' ],
13 silly audit   'stop-iteration-iterator': [ '1.1.0' ],
13 silly audit   'stream-buffers': [ '2.2.0' ],
13 silly audit   'stream-events': [ '1.0.5' ],
13 silly audit   'stream-shift': [ '1.0.3' ],
13 silly audit   'strict-uri-encode': [ '2.0.0' ],
13 silly audit   string_decoder: [ '1.3.0' ],
13 silly audit   'string-length': [ '4.0.2' ],
13 silly audit   'string.prototype.matchall': [ '4.0.12' ],
13 silly audit   'string.prototype.repeat': [ '1.0.0' ],
13 silly audit   'string.prototype.trim': [ '1.2.10' ],
13 silly audit   'string.prototype.trimend': [ '1.0.9' ],
13 silly audit   'string.prototype.trimstart': [ '1.0.8' ],
13 silly audit   'strip-final-newline': [ '2.0.0' ],
13 silly audit   'strip-indent': [ '3.0.0' ],
13 silly audit   strnum: [ '2.1.2' ],
13 silly audit   'structured-headers': [ '0.4.1' ],
13 silly audit   stubs: [ '3.0.0' ],
13 silly audit   styleq: [ '0.1.3' ],
13 silly audit   sucrase: [ '3.35.1' ],
13 silly audit   supercluster: [ '8.0.1' ],
13 silly audit   'supports-hyperlinks': [ '2.3.0' ],
13 silly audit   'supports-preserve-symlinks-flag': [ '1.0.0' ],
13 silly audit   tar: [ '7.5.9' ],
13 silly audit   'temp-dir': [ '2.0.0' ],
13 silly audit   'terminal-link': [ '2.1.1' ],
13 silly audit   terser: [ '5.44.1' ],
13 silly audit   'test-exclude': [ '6.0.0' ],
13 silly audit   'text-hex': [ '1.0.0' ],
13 silly audit   thenify: [ '3.3.1' ],
13 silly audit   'thenify-all': [ '1.6.0' ],
13 silly audit   throat: [ '5.0.0' ],
13 silly audit   tinyglobby: [ '0.2.15' ],
13 silly audit   fdir: [ '6.5.0' ],
13 silly audit   tmpl: [ '1.0.5' ],
13 silly audit   'to-regex-range': [ '5.0.1' ],
13 silly audit   toidentifier: [ '1.0.1' ],
13 silly audit   tr46: [ '0.0.3' ],
13 silly audit   'triple-beam': [ '1.4.1' ],
13 silly audit   'ts-api-utils': [ '2.1.0' ],
13 silly audit   'ts-interface-checker': [ '0.1.13' ],
13 silly audit   'ts-jest': [ '29.4.6' ],
13 silly audit   'tsconfig-paths': [ '3.15.0' ],
13 silly audit   tslib: [ '2.8.1' ],
13 silly audit   'type-check': [ '0.4.0' ],
13 silly audit   'type-detect': [ '4.0.8' ],
13 silly audit   'type-is': [ '1.6.18' ],
13 silly audit   'typed-array-buffer': [ '1.0.3' ],
13 silly audit   'typed-array-byte-length': [ '1.0.3' ],
13 silly audit   'typed-array-byte-offset': [ '1.0.4' ],
13 silly audit   'typed-array-length': [ '1.0.7' ],
13 silly audit   typescript: [ '5.9.3' ],
13 silly audit   'uglify-js': [ '3.19.3' ],
13 silly audit   'unbox-primitive': [ '1.1.0' ],
13 silly audit   undici: [ '6.23.0' ],
13 silly audit   'unicode-canonical-property-names-ecmascript': [ '2.0.1' ],
13 silly audit   'unicode-match-property-ecmascript': [ '2.0.0' ],
13 silly audit   'unicode-match-property-value-ecmascript': [ '2.2.1' ],
13 silly audit   'unicode-property-aliases-ecmascript': [ '2.2.0' ],
13 silly audit   'unique-string': [ '2.0.0' ],
13 silly audit   unpipe: [ '1.0.0' ],
13 silly audit   'unrs-resolver': [ '1.11.1' ],
13 silly audit   'update-browserslist-db': [ '1.2.3' ],
13 silly audit   'uri-js': [ '4.4.1' ],
13 silly audit   'use-callback-ref': [ '1.3.3' ],
13 silly audit   'use-latest-callback': [ '0.2.6' ],
13 silly audit   'use-sidecar': [ '1.1.3' ],
13 silly audit   'use-sync-external-store': [ '1.6.0' ],
13 silly audit   util: [ '0.12.5' ],
13 silly audit   'util-deprecate': [ '1.0.2' ],
13 silly audit   'utils-merge': [ '1.0.1' ],
13 silly audit   'v8-to-istanbul': [ '9.3.0' ],
13 silly audit   'validate-npm-package-name': [ '5.0.1' ],
13 silly audit   vary: [ '1.1.2' ],
13 silly audit   vaul: [ '1.1.2' ],
13 silly audit   '@radix-ui/react-dialog': [ '1.1.15' ],
13 silly audit   '@radix-ui/react-dismissable-layer': [ '1.1.11' ],
13 silly audit   '@radix-ui/react-focus-scope': [ '1.1.7' ],
13 silly audit   '@radix-ui/react-portal': [ '1.1.9' ],
13 silly audit   victory: [ '36.9.2' ],
13 silly audit   'victory-area': [ '36.9.2' ],
13 silly audit   'victory-axis': [ '36.9.2' ],
13 silly audit   'victory-bar': [ '36.9.2' ],
13 silly audit   'victory-box-plot': [ '36.9.2' ],
13 silly audit   'victory-brush-container': [ '36.9.2' ],
13 silly audit   'victory-brush-line': [ '36.9.2' ],
13 silly audit   'victory-candlestick': [ '36.9.2' ],
13 silly audit   'victory-canvas': [ '36.9.2' ],
13 silly audit   'victory-chart': [ '36.9.2' ],
13 silly audit   'victory-core': [ '36.9.2' ],
13 silly audit   'victory-create-container': [ '36.9.2' ],
13 silly audit   'victory-cursor-container': [ '36.9.2' ],
13 silly audit   'victory-errorbar': [ '36.9.2' ],
13 silly audit   'victory-group': [ '36.9.2' ],
13 silly audit   'victory-histogram': [ '36.9.2' ],
13 silly audit   'victory-legend': [ '36.9.2' ],
13 silly audit   'victory-line': [ '36.9.2' ],
13 silly audit   'victory-native': [ '36.6.8' ],
13 silly audit   'victory-pie': [ '36.9.2' ],
13 silly audit   'victory-polar-axis': [ '36.9.2' ],
13 silly audit   'victory-scatter': [ '36.9.2' ],
13 silly audit   'victory-selection-container': [ '36.9.2' ],
13 silly audit   'victory-shared-events': [ '36.9.2' ],
13 silly audit   'victory-stack': [ '36.9.2' ],
13 silly audit   'victory-tooltip': [ '36.9.2' ],
13 silly audit   'victory-vendor': [ '36.9.2' ],
13 silly audit   'victory-voronoi': [ '36.9.2' ],
13 silly audit   'victory-voronoi-container': [ '36.9.2' ],
13 silly audit   'victory-zoom-container': [ '36.9.2' ],
13 silly audit   vlq: [ '1.0.1' ],
13 silly audit   walker: [ '1.0.8' ],
13 silly audit   'warn-once': [ '0.1.1' ],
13 silly audit   wcwidth: [ '1.0.1' ],
13 silly audit   'web-streams-polyfill': [ '3.3.3' ],
13 silly audit   'web-vitals': [ '4.2.4' ],
13 silly audit   'webidl-conversions': [ '3.0.1', '5.0.0' ],
13 silly audit   'websocket-driver': [ '0.7.4' ],
13 silly audit   'websocket-extensions': [ '0.1.4' ],
13 silly audit   'whatwg-fetch': [ '3.6.20' ],
13 silly audit   'whatwg-url': [ '5.0.0' ],
13 silly audit   'whatwg-url-without-unicode': [ '8.0.0-3' ],
13 silly audit   which: [ '2.0.2' ],
13 silly audit   'which-boxed-primitive': [ '1.1.1' ],
13 silly audit   'which-builtin-type': [ '1.2.1' ],
13 silly audit   'which-collection': [ '1.0.2' ],
13 silly audit   'which-typed-array': [ '1.1.19' ],
13 silly audit   winston: [ '3.19.0' ],
13 silly audit   'winston-transport': [ '4.9.0' ],
13 silly audit   wonka: [ '6.3.5' ],
13 silly audit   'word-wrap': [ '1.2.5' ],
13 silly audit   wordwrap: [ '1.0.0' ],
13 silly audit   wrappy: [ '1.0.2' ],
13 silly audit   'write-file-atomic': [ '4.0.2' ],
13 silly audit   xcode: [ '3.0.1' ],
13 silly audit   xml2js: [ '0.6.0' ],
13 silly audit   xmlbuilder: [ '11.0.1', '15.1.1' ],
13 silly audit   y18n: [ '5.0.8' ],
13 silly audit   yaml: [ '2.8.2' ],
13 silly audit   yargs: [ '17.7.2' ],
13 silly audit   'yargs-parser': [ '21.1.1' ],
13 silly audit   'yocto-queue': [ '0.1.0' ]
13 silly audit }
14 http fetch GET 200 https://registry.npmjs.org/npm 719ms
15 http fetch POST 200 https://registry.npmjs.org/-/npm/v1/security/advisories/bulk 230ms
16 silly audit report {
16 silly audit report   minimatch: [
16 silly audit report     {
16 silly audit report       id: 1113459,
16 silly audit report       url: 'https://github.com/advisories/GHSA-3ppc-4f35-3m26',
16 silly audit report       title: 'minimatch has a ReDoS via repeated wildcards with non-matching literal in pattern',
16 silly audit report       severity: 'high',
16 silly audit report       vulnerable_versions: '<3.1.3',
16 silly audit report       cwe: [Array],
16 silly audit report       cvss: [Object]
16 silly audit report     },
16 silly audit report     {
16 silly audit report       id: 1113465,
16 silly audit report       url: 'https://github.com/advisories/GHSA-3ppc-4f35-3m26',
16 silly audit report       title: 'minimatch has a ReDoS via repeated wildcards with non-matching literal in pattern',
16 silly audit report       severity: 'high',
16 silly audit report       vulnerable_versions: '>=9.0.0 <9.0.6',
16 silly audit report       cwe: [Array],
16 silly audit report       cvss: [Object]
16 silly audit report     },
16 silly audit report     {
16 silly audit report       id: 1113466,
16 silly audit report       url: 'https://github.com/advisories/GHSA-3ppc-4f35-3m26',
16 silly audit report       title: 'minimatch has a ReDoS via repeated wildcards with non-matching literal in pattern',
16 silly audit report       severity: 'high',
16 silly audit report       vulnerable_versions: '>=10.0.0 <10.2.1',
16 silly audit report       cwe: [Array],
16 silly audit report       cvss: [Object]
16 silly audit report     },
16 silly audit report     {
16 silly audit report       id: 1113538,
16 silly audit report       url: 'https://github.com/advisories/GHSA-7r86-cg39-jmmj',
16 silly audit report       title: 'minimatch has ReDoS: matchOne() combinatorial backtracking via multiple non-adjacent GLOBSTAR segments',
16 silly audit report       severity: 'high',
16 silly audit report       vulnerable_versions: '<3.1.3',
16 silly audit report       cwe: [Array],
16 silly audit report       cvss: [Object]
16 silly audit report     },
16 silly audit report     {
16 silly audit report       id: 1113544,
16 silly audit report       url: 'https://github.com/advisories/GHSA-7r86-cg39-jmmj',
16 silly audit report       title: 'minimatch has ReDoS: matchOne() combinatorial backtracking via multiple non-adjacent GLOBSTAR segments',
16 silly audit report       severity: 'high',
16 silly audit report       vulnerable_versions: '>=9.0.0 <9.0.7',
16 silly audit report       cwe: [Array],
16 silly audit report       cvss: [Object]
16 silly audit report     },
16 silly audit report     {
16 silly audit report       id: 1113545,
16 silly audit report       url: 'https://github.com/advisories/GHSA-7r86-cg39-jmmj',
16 silly audit report       title: 'minimatch has ReDoS: matchOne() combinatorial backtracking via multiple non-adjacent GLOBSTAR segments',
16 silly audit report       severity: 'high',
16 silly audit report       vulnerable_versions: '>=10.0.0 <10.2.3',
16 silly audit report       cwe: [Array],
16 silly audit report       cvss: [Object]
16 silly audit report     },
16 silly audit report     {
16 silly audit report       id: 1113546,
16 silly audit report       url: 'https://github.com/advisories/GHSA-23c5-xmqv-rm74',
16 silly audit report       title: 'minimatch ReDoS: nested *() extglobs generate catastrophically backtracking regular expressions',
16 silly audit report       severity: 'high',
16 silly audit report       vulnerable_versions: '<3.1.4',
16 silly audit report       cwe: [Array],
16 silly audit report       cvss: [Object]
16 silly audit report     },
16 silly audit report     {
16 silly audit report       id: 1113552,
16 silly audit report       url: 'https://github.com/advisories/GHSA-23c5-xmqv-rm74',
16 silly audit report       title: 'minimatch ReDoS: nested *() extglobs generate catastrophically backtracking regular expressions',
16 silly audit report       severity: 'high',
16 silly audit report       vulnerable_versions: '>=9.0.0 <9.0.7',
16 silly audit report       cwe: [Array],
16 silly audit report       cvss: [Object]
16 silly audit report     },
16 silly audit report     {
16 silly audit report       id: 1113553,
16 silly audit report       url: 'https://github.com/advisories/GHSA-23c5-xmqv-rm74',
16 silly audit report       title: 'minimatch ReDoS: nested *() extglobs generate catastrophically backtracking regular expressions',
16 silly audit report       severity: 'high',
16 silly audit report       vulnerable_versions: '>=10.0.0 <10.2.3',
16 silly audit report       cwe: [Array],
16 silly audit report       cvss: [Object]
16 silly audit report     }
16 silly audit report   ],
16 silly audit report   ajv: [
16 silly audit report     {
16 silly audit report       id: 1113428,
16 silly audit report       url: 'https://github.com/advisories/GHSA-2g4f-4pwh-qvx6',
16 silly audit report       title: 'ajv has ReDoS when using `$data` option',
16 silly audit report       severity: 'moderate',
16 silly audit report       vulnerable_versions: '<6.14.0',
16 silly audit report       cwe: [Array],
16 silly audit report       cvss: [Object]
16 silly audit report     }
16 silly audit report   ],
16 silly audit report   'fast-xml-parser': [
16 silly audit report     {
16 silly audit report       id: 1113565,
16 silly audit report       url: 'https://github.com/advisories/GHSA-fj3w-jwp8-x2g3',
16 silly audit report       title: 'fast-xml-parser has stack overflow in XMLBuilder with preserveOrder',
16 silly audit report       severity: 'low',
16 silly audit report       vulnerable_versions: '<5.3.8',
16 silly audit report       cwe: [Array],
16 silly audit report       cvss: [Object]
16 silly audit report     },
16 silly audit report     {
16 silly audit report       id: 1113569,
16 silly audit report       url: 'https://github.com/advisories/GHSA-jmr7-xgp7-cmfj',
16 silly audit report       title: 'fast-xml-parser affected by DoS through entity expansion in DOCTYPE (no expansion limit)',
16 silly audit report       severity: 'high',
16 silly audit report       vulnerable_versions: '>=5.0.0 <5.3.6',
16 silly audit report       cwe: [Array],
16 silly audit report       cvss: [Object]
16 silly audit report     }
16 silly audit report   ]
16 silly audit report }
17 silly packumentCache corgi:https://registry.npmjs.org/minimatch cache-miss
18 silly packumentCache corgi:https://registry.npmjs.org/ajv cache-miss
19 silly packumentCache corgi:https://registry.npmjs.org/fast-xml-parser cache-miss
20 http fetch GET 200 https://registry.npmjs.org/minimatch 80ms (cache miss)
21 silly packumentCache corgi:https://registry.npmjs.org/minimatch set size:undefined disposed:false
22 http fetch GET 200 https://registry.npmjs.org/ajv 121ms (cache miss)
23 silly packumentCache corgi:https://registry.npmjs.org/ajv set size:undefined disposed:false
24 http fetch GET 200 https://registry.npmjs.org/fast-xml-parser 241ms (cache miss)
25 silly packumentCache corgi:https://registry.npmjs.org/fast-xml-parser set size:undefined disposed:false
26 silly packumentCache corgi:https://registry.npmjs.org/@eslint%2fconfig-array cache-miss
27 silly packumentCache corgi:https://registry.npmjs.org/@eslint%2feslintrc cache-miss
28 silly packumentCache corgi:https://registry.npmjs.org/glob cache-miss
29 silly packumentCache corgi:https://registry.npmjs.org/eslint cache-miss
30 silly packumentCache corgi:https://registry.npmjs.org/eslint-plugin-import cache-miss
31 silly packumentCache corgi:https://registry.npmjs.org/eslint-plugin-react cache-miss
32 silly packumentCache corgi:https://registry.npmjs.org/test-exclude cache-miss
33 http fetch GET 200 https://registry.npmjs.org/glob 69ms (cache miss)
34 silly packumentCache corgi:https://registry.npmjs.org/glob set size:undefined disposed:false
35 http fetch GET 200 https://registry.npmjs.org/test-exclude 132ms (cache miss)
36 silly packumentCache corgi:https://registry.npmjs.org/test-exclude set size:undefined disposed:false
37 http fetch GET 200 https://registry.npmjs.org/eslint-plugin-react 199ms (cache miss)
38 silly packumentCache corgi:https://registry.npmjs.org/eslint-plugin-react set size:undefined disposed:false
39 http fetch GET 200 https://registry.npmjs.org/@eslint%2fconfig-array 233ms (cache miss)
40 silly packumentCache corgi:https://registry.npmjs.org/@eslint%2fconfig-array set size:undefined disposed:false
41 http fetch GET 200 https://registry.npmjs.org/@eslint%2feslintrc 234ms (cache miss)
42 silly packumentCache corgi:https://registry.npmjs.org/@eslint%2feslintrc set size:undefined disposed:false
43 http fetch GET 200 https://registry.npmjs.org/eslint-plugin-import 243ms (cache miss)
44 silly packumentCache corgi:https://registry.npmjs.org/eslint-plugin-import set size:undefined disposed:false
45 http fetch GET 200 https://registry.npmjs.org/eslint 261ms (cache miss)
46 silly packumentCache corgi:https://registry.npmjs.org/eslint set size:undefined disposed:false
47 silly packumentCache corgi:https://registry.npmjs.org/@expo%2ffingerprint cache-miss
48 silly packumentCache corgi:https://registry.npmjs.org/@typescript-eslint%2ftypescript-estree cache-miss
49 http fetch GET 200 https://registry.npmjs.org/@expo%2ffingerprint 238ms (cache miss)
50 silly packumentCache corgi:https://registry.npmjs.org/@expo%2ffingerprint set size:undefined disposed:false
51 http fetch GET 200 https://registry.npmjs.org/@typescript-eslint%2ftypescript-estree 349ms (cache miss)
52 silly packumentCache corgi:https://registry.npmjs.org/@typescript-eslint%2ftypescript-estree set size:undefined disposed:false
53 silly packumentCache corgi:https://registry.npmjs.org/@expo%2fcli cache-miss
54 silly packumentCache corgi:https://registry.npmjs.org/@expo%2fmetro-config cache-miss
55 http fetch GET 200 https://registry.npmjs.org/@expo%2fcli 224ms (cache miss)
56 silly packumentCache corgi:https://registry.npmjs.org/@expo%2fcli set size:undefined disposed:false
57 http fetch GET 200 https://registry.npmjs.org/@expo%2fmetro-config 243ms (cache miss)
58 silly packumentCache corgi:https://registry.npmjs.org/@expo%2fmetro-config set size:undefined disposed:false
59 silly packumentCache corgi:https://registry.npmjs.org/@google-cloud%2fstorage cache-miss
60 http fetch GET 200 https://registry.npmjs.org/@google-cloud%2fstorage 249ms (cache miss)
61 silly packumentCache corgi:https://registry.npmjs.org/@google-cloud%2fstorage set size:undefined disposed:false
62 verbose cwd C:\Users\rrizv\perched-app
63 verbose os Windows_NT 10.0.26200
64 verbose node v24.13.1
65 verbose npm  v11.8.0
66 notice
66 notice New minor version of npm available! 11.8.0 -> 11.11.0
66 notice Changelog: https://github.com/npm/cli/releases/tag/v11.11.0
66 notice To update run: npm install -g npm@11.11.0
66 notice  { force: true, Symbol(proc-log.meta): true }
67 verbose exit 1
68 verbose code 1
